<?xml version="1.0" encoding="UTF-8"?>
<!-- Generated by org.testng.reporters.JUnitXMLReporter -->
<testsuite ignored="0" hostname="LAPTOP-R5VKAM7P" failures="0" tests="5" name="Default test" time="1.487" errors="0" timestamp="2022-11-30T09:04:06 IST">
  <testcase classname="com.aqms.test.AQMSApplicationTest" name="addGasData" time="1.311"/>
  <testcase classname="com.aqms.test.AQMSApplicationTest" name="deleteGasData" time="0.043"/>
  <testcase classname="com.aqms.test.AQMSApplicationTest" name="getAllTest" time="0.028"/>
  <testcase classname="com.aqms.test.AQMSApplicationTest" name="getOneGasData" time="0.026"/>
  <testcase classname="com.aqms.test.AQMSApplicationTest" name="updateGasData" time="0.028"/>
</testsuite> <!-- Default test -->
