<?xml version="1.0" encoding="UTF-8"?>
<!-- Generated by org.testng.reporters.JUnitXMLReporter -->
<testsuite ignored="0" hostname="LAPTOP-R5VKAM7P" failures="0" tests="6" name="Default test" time="2.19" errors="0" timestamp="2022-11-30T19:31:13 IST">
  <testcase classname="com.aqms.log.AirQualityMonitoringSystemLog" name="getAllLog" time="1.901"/>
  <testcase classname="com.aqms.log.AirQualityMonitoringSystemLog" name="getBodyLog" time="0.032"/>
  <testcase classname="com.aqms.log.AirQualityMonitoringSystemLog" name="getCookiesLog" time="0.047"/>
  <testcase classname="com.aqms.log.AirQualityMonitoringSystemLog" name="getHeadersLog" time="0.038"/>
  <testcase classname="com.aqms.log.AirQualityMonitoringSystemLog" name="logIfError" time="0.027"/>
  <testcase classname="com.aqms.log.AirQualityMonitoringSystemLog" name="logIfValidationFails" time="0.066"/>
</testsuite> <!-- Default test -->
