<?xml version="1.0" encoding="UTF-8"?>
<testng-results ignored="0" total="5" passed="5" failed="0" skipped="0">
  <reporter-output>
  </reporter-output>
  <suite started-at="2022-11-30T09:04:04 IST" name="Default suite" finished-at="2022-11-30T09:04:06 IST" duration-ms="1487">
    <groups>
    </groups>
    <test started-at="2022-11-30T09:04:04 IST" name="Default test" finished-at="2022-11-30T09:04:06 IST" duration-ms="1487">
      <class name="com.aqms.test.AQMSApplicationTest">
        <test-method signature="addGasData()[pri:0, instance:com.aqms.test.AQMSApplicationTest@6933b6c6]" started-at="2022-11-30T09:04:04 IST" name="addGasData" finished-at="2022-11-30T09:04:06 IST" duration-ms="1311" status="PASS">
          <reporter-output>
          </reporter-output>
        </test-method> <!-- addGasData -->
        <test-method signature="deleteGasData()[pri:0, instance:com.aqms.test.AQMSApplicationTest@6933b6c6]" started-at="2022-11-30T09:04:06 IST" name="deleteGasData" finished-at="2022-11-30T09:04:06 IST" duration-ms="43" status="PASS">
          <reporter-output>
          </reporter-output>
        </test-method> <!-- deleteGasData -->
        <test-method signature="getAllTest()[pri:0, instance:com.aqms.test.AQMSApplicationTest@6933b6c6]" started-at="2022-11-30T09:04:06 IST" name="getAllTest" finished-at="2022-11-30T09:04:06 IST" duration-ms="28" status="PASS">
          <reporter-output>
          </reporter-output>
        </test-method> <!-- getAllTest -->
        <test-method signature="getOneGasData()[pri:0, instance:com.aqms.test.AQMSApplicationTest@6933b6c6]" started-at="2022-11-30T09:04:06 IST" name="getOneGasData" finished-at="2022-11-30T09:04:06 IST" duration-ms="26" status="PASS">
          <reporter-output>
          </reporter-output>
        </test-method> <!-- getOneGasData -->
        <test-method signature="updateGasData()[pri:0, instance:com.aqms.test.AQMSApplicationTest@6933b6c6]" started-at="2022-11-30T09:04:06 IST" name="updateGasData" finished-at="2022-11-30T09:04:06 IST" duration-ms="28" status="PASS">
          <reporter-output>
          </reporter-output>
        </test-method> <!-- updateGasData -->
      </class> <!-- com.aqms.test.AQMSApplicationTest -->
    </test> <!-- Default test -->
  </suite> <!-- Default suite -->
</testng-results>
