<?xml version="1.0" encoding="UTF-8"?>
<testng-results ignored="0" total="6" passed="6" failed="0" skipped="0">
  <reporter-output>
  </reporter-output>
  <suite started-at="2022-11-30T19:31:11 IST" name="Default suite" finished-at="2022-11-30T19:31:13 IST" duration-ms="2190">
    <groups>
    </groups>
    <test started-at="2022-11-30T19:31:11 IST" name="Default test" finished-at="2022-11-30T19:31:13 IST" duration-ms="2190">
      <class name="com.aqms.log.AirQualityMonitoringSystemLog">
        <test-method signature="getAllLog()[pri:0, instance:com.aqms.log.AirQualityMonitoringSystemLog@7d3e8655]" started-at="2022-11-30T19:31:11 IST" name="getAllLog" finished-at="2022-11-30T19:31:13 IST" duration-ms="1901" status="PASS">
          <reporter-output>
          </reporter-output>
        </test-method> <!-- getAllLog -->
        <test-method signature="getBodyLog()[pri:0, instance:com.aqms.log.AirQualityMonitoringSystemLog@7d3e8655]" started-at="2022-11-30T19:31:13 IST" name="getBodyLog" finished-at="2022-11-30T19:31:13 IST" duration-ms="32" status="PASS">
          <reporter-output>
          </reporter-output>
        </test-method> <!-- getBodyLog -->
        <test-method signature="getCookiesLog()[pri:0, instance:com.aqms.log.AirQualityMonitoringSystemLog@7d3e8655]" started-at="2022-11-30T19:31:13 IST" name="getCookiesLog" finished-at="2022-11-30T19:31:13 IST" duration-ms="47" status="PASS">
          <reporter-output>
          </reporter-output>
        </test-method> <!-- getCookiesLog -->
        <test-method signature="getHeadersLog()[pri:0, instance:com.aqms.log.AirQualityMonitoringSystemLog@7d3e8655]" started-at="2022-11-30T19:31:13 IST" name="getHeadersLog" finished-at="2022-11-30T19:31:13 IST" duration-ms="38" status="PASS">
          <reporter-output>
          </reporter-output>
        </test-method> <!-- getHeadersLog -->
        <test-method signature="logIfError()[pri:0, instance:com.aqms.log.AirQualityMonitoringSystemLog@7d3e8655]" started-at="2022-11-30T19:31:13 IST" name="logIfError" finished-at="2022-11-30T19:31:13 IST" duration-ms="27" status="PASS">
          <reporter-output>
          </reporter-output>
        </test-method> <!-- logIfError -->
        <test-method signature="logIfValidationFails()[pri:0, instance:com.aqms.log.AirQualityMonitoringSystemLog@7d3e8655]" started-at="2022-11-30T19:31:13 IST" name="logIfValidationFails" finished-at="2022-11-30T19:31:13 IST" duration-ms="66" status="PASS">
          <reporter-output>
          </reporter-output>
        </test-method> <!-- logIfValidationFails -->
      </class> <!-- com.aqms.log.AirQualityMonitoringSystemLog -->
    </test> <!-- Default test -->
  </suite> <!-- Default suite -->
</testng-results>
